0.031496365554630756 99
0.03128933999687433 199
0.031232823617756367 299
0.030955007299780846 399
0.030751011334359646 499
0.030473215505480766 599
0.030148349702358246 699
0.029881324619054794 799
0.029697672463953495 899
0.029288901947438717 999
0.029001432470977306 1099
0.02859003096818924 1199
0.028199168853461742 1299
0.02781304158270359 1399
0.02767360955476761 1499
0.026973258703947067 1599
0.026834514923393726 1699
0.026340789161622524 1799
0.025903482921421528 1899
0.02521721087396145 1999
0.024845119565725327 2099
0.02452202793210745 2199
0.024003195576369762 2299
0.023547332733869553 2399
0.02309744618833065 2499
0.022590555250644684 2599
0.022236824966967106 2699
0.021727352403104305 2799
0.021394736133515835 2899
0.02099925559014082 2999
0.02056090161204338 3099
0.0201838631182909 3199
0.01998850144445896 3299
0.019649552181363106 3399
0.01928069908171892 3499
0.01897344831377268 3599
0.018656086176633835 3699
0.018364543095231056 3799
0.018209664151072502 3899
0.017926708795130253 3999
0.017674844712018967 4099
0.017437594942748547 4199
0.01725220400840044 4299
0.01693249400705099 4399
0.016680665779858828 4499
0.016479499638080597 4599
0.01631317939609289 4699
0.016141533851623535 4799
0.015921863727271557 4899
0.015683141071349382 4999
0.015515773091465235 5099
0.01525447703897953 5199
0.015107190236449242 5299
0.014974696096032858 5399
0.014654404483735561 5499
0.014563333708792925 5599
0.014310371596366167 5699
0.014118194580078125 5799
0.013954215683043003 5899
0.013823869172483683 5999
0.013635972049087286 6099
0.013355002272874117 6199
0.013215583749115467 6299
0.013101375196129084 6399
0.012912235222756863 6499
0.012750389985740185 6599
0.012596351094543934 6699
0.01243511587381363 6799
0.012201039120554924 6899
0.01208921754732728 6999
0.011954437475651503 7099
0.011774223763495684 7199
0.011603052727878094 7299
0.011437175329774618 7399
0.011268781963735819 7499
0.01114169554784894 7599
0.01094105001538992 7699
0.010840946808457375 7799
0.010693812742829323 7899
0.01057006698101759 7999
0.010431310627609491 8099
0.010303084272891283 8199
0.010149676352739334 8299
0.010003308765590191 8399
0.009813942480832338 8499
0.009765528608113527 8599
0.009644917212426662 8699
0.009480630978941917 8799
0.009372005239129066 8899
0.009260132443159819 8999
0.009016585536301136 9099
0.00896752392873168 9199
0.008840607944875956 9299
0.008720757905393839 9399
0.008543489966541529 9499
0.008472243789583445 9599
0.008349002804607153 9699
0.00822798116132617 9799
0.00810987874865532 9899
0.00797479460015893 9999
0.007878506556153297 10099
0.007741906912997365 10199
0.007640705211088061 10299
0.00752174062654376 10399
0.007411986589431763 10499
0.0073491770308464766 10599
0.007213084725663066 10699
0.0070634575095027685 10799
0.007005796069279313 10899
0.006909662624821067 10999
0.0068146653939038515 11099
0.006661277962848544 11199
0.006592555902898312 11299
0.006482085678726435 11399
0.006408005487173796 11499
0.006306253373622894 11599
0.006201614858582616 11699
0.006090776529163122 11799
0.006002221256494522 11899
0.005936278495937586 11999
0.005865298677235842 12099
0.0057304622605443 12199
0.005655877757817507 12299
0.00557157420553267 12399
0.005494345910847187 12499
0.005427216179668903 12599
0.0053503678645938635 12699
0.005230905022472143 12799
0.005166670307517052 12899
0.005101721500977874 12999
0.0050213513895869255 13099
0.00495327590033412 13199
0.004875734448432922 13299
0.004806684795767069 13399
0.004743944620713592 13499
0.004626904614269733 13599
0.0046257092617452145 13699
0.004499687347561121 13799
0.004448632011190057 13899
0.0043685161508619785 13999
0.004353920114226639 14099
0.004261092748492956 14199
0.0042089351918548346 14299
0.004146260907873511 14399
0.004083358682692051 14499
0.0040158110205084085 14599
0.003945996752008796 14699
0.0039168421644717455 14799
0.0038313469849526882 14899
0.003796408767811954 14999
0.0037450370145961642 15099
0.003693218808621168 15199
0.0036263898946344852 15299
0.003589173313230276 15399
0.003515034797601402 15499
0.0034626886481419206 15599
0.003427496529184282 15699
0.0034071936970576644 15799
0.00332041853107512 15899
0.0033065183088183403 15999
0.0032466932898387313 16099
0.0031936411978676915 16199
0.0031569101847708225 16299
0.00312366452999413 16399
0.003084754105657339 16499
0.003055499866604805 16599
0.00298682798165828 16699
0.0029587532626464963 16799
0.0029124326538294554 16899
0.002906532376073301 16999
0.002851237077265978 17099
0.002825186587870121 17199
0.0027802851982414722 17299
0.002743932302109897 17399
0.002714680158533156 17499
0.0026602394646033645 17599
0.0026503350818529725 17699
0.002601479645818472 17799
0.002587585593573749 17899
0.0025579718640074134 17999
0.0025483006611466408 18099
0.002470058505423367 18199
0.002462283708155155 18299
0.002434083726257086 18399
0.0024160417960956693 18499
0.002382342121563852 18599
0.0023647744674235582 18699
0.00233637320343405 18799
0.0022973407758399844 18899
0.0022572596790269017 18999
0.0022403013426810503 19099
0.0022346486803144217 19199
0.0022054800065234303 19299
0.002168937586247921 19399
0.00215357868000865 19499
0.0021524751791730523 19599
0.002103812643326819 19699
0.0020810377318412066 19799
0.002073903917334974 19899
0.002044465742073953 19999
0.0020329425460658967 20099
0.002008562325499952 20199
0.001991709927096963 20299
0.001967103162314743 20399
0.0019374177791178226 20499
0.0019236209918744862 20599
0.0019231293117627501 20699
0.0019092631991952658 20799
0.001910959486849606 20899
0.0018780498066917062 20999
0.0018398158717900515 21099
0.0018324156990274787 21199
0.0017987173050642014 21299
0.0017951163463294506 21399
0.0017855280893854797 21499
0.0017683561309240758 21599
0.0017652478418312967 21699
0.0017475899076089263 21799
0.0017079112585633993 21899
0.0017135560046881437 21999
0.0016907394165173173 22099
0.0016701457207091153 22199
0.0016555862966924906 22299
0.0016540551441721618 22399
0.001647634373512119 22499
0.0016243932768702507 22599
0.0016057012835517526 22699
0.0016182391555048525 22799
0.0015839178231544793 22899
0.0015703774406574667 22999
0.0015549793606624007 23099
0.0015366434818133712 23199
0.0015455583925358951 23299
0.0015392692876048386 23399
0.00150513049447909 23499
0.00150498712901026 23599
0.0015083618927747011 23699
0.0014786923420615494 23799
0.001491736271418631 23899
0.0014607174089178443 23999
0.001438748906366527 24099
0.0014227490755729377 24199
0.0014290020917542279 24299
0.0014433111064136028 24399
0.0014093189383856952 24499
0.0014001838862895966 24599
0.0013894484145566821 24699
0.00137454888317734 24799
0.001384296570904553 24899
0.0013515128521248698 24999
0.001384089991915971 25099
0.0013539550127461553 25199
0.0013416140573099256 25299
0.0013177382061257958 25399
0.001321113551966846 25499
0.0013129192520864308 25599
0.0013170131132937968 25699
0.0013036240125074983 25799
0.001298345800023526 25899
0.0013140112278051674 25999
0.0012723721447400749 26099
0.0012695171753875911 26199
0.0012742048129439354 26299
0.0012736298376694322 26399
0.0012415196979418397 26499
0.0012442293227650225 26599
0.001233117247465998 26699
0.0012321507092565298 26799
0.0012304647243581712 26899
0.001234621275216341 26999
0.001221829792484641 27099
0.001206755405291915 27199
0.001217980170622468 27299
0.0011967905447818339 27399
0.0011841151281259954 27499
0.0011701433104462922 27599
0.0011780514032579958 27699
0.0011696511064656079 27799
0.0011764694936573505 27899
0.0011655619600787759 27999
0.0011636547860689461 28099
0.0012005080934613943 28199
0.0011482047266326845 28299
0.0011497114901430905 28399
0.0011281081824563444 28499
0.0011256808647885919 28599
0.0011105193989351392 28699
0.0011181323789060116 28799
0.0010999658843502402 28899
0.0011069648317061365 28999
0.001100700639653951 29099
0.0011032988550141454 29199
0.001092685153707862 29299
0.0010981562081724405 29399
0.001091214595362544 29499
0.0010717742843553424 29599
0.0010837080189958215 29699
0.001062200521118939 29799
0.0010651827906258404 29899
0.0010703836451284587 29999
0.0010646521404851228 30099
0.001055830274708569 30199
0.001102300127968192 30299
0.0010538877686485648 30399
0.0010600213427096605 30499
0.001066819066181779 30599
0.001084349409211427 30699
0.0010226191952824593 30799
0.0010201307595707476 30899
0.0010075168102048337 30999
0.001019307499518618 31099
0.0010106599365826696 31199
0.001010863808915019 31299
0.0010073347948491573 31399
0.0010086256661452353 31499
0.0010134153999388218 31599
0.0009932571556419134 31699
0.0009847924520727247 31799
0.0010070324642583728 31899
0.0009796504746191204 31999
0.0009771677141543478 32099
0.0009854381496552378 32199
0.0010457182652316988 32299
0.0009785382717382163 32399
0.0009686918638180941 32499
0.0010624927235767245 32599
0.0010079300263896585 32699
0.0009599386830814183 32799
0.0009466552583035082 32899
0.0009674934553913772 32999
0.0009470605000387877 33099
0.0009548287489451468 33199
0.0009524180786684155 33299
0.0009764273418113589 33399
0.0009436063119210303 33499
0.0009349060419481248 33599
0.000938801938900724 33699
0.0009781264525372535 33799
0.000936276454012841 33899
0.0009262526873499155 33999
0.0009036125557031482 34099
0.0009296054777223617 34199
0.0009409136255271733 34299
0.0009500112209934741 34399
0.0009066348429769278 34499
0.0009851281938608736 34599
0.0009238840430043638 34699
0.0009273968753404915 34799
0.0008983781153801829 34899
0.0008884906128514558 34999
0.000998881587292999 35099
0.0009055119880940765 35199
0.0009834755910560489 35299
0.0009487028000876307 35399
0.0008924137218855321 35499
0.0009036441042553633 35599
0.0009214924066327512 35699
0.0009710466547403485 35799
0.0008691592374816537 35899
0.0009024011087603867 35999
0.0009052399836946279 36099
0.0008782198128756136 36199
0.0008745812228880823 36299
0.0008814892207738012 36399
0.0010659206891432405 36499
0.0009010386129375547 36599
0.0008655532146804035 36699
0.0008772123837843537 36799
0.0008566303877159953 36899
0.0008752095454838127 36999
0.0008565388270653784 37099
0.0008581433503422886 37199
0.0009045647457242012 37299
0.0008712557319086045 37399
0.0008713672577869147 37499
0.0008648520451970398 37599
0.0008490078325849026 37699
0.0008441705431323498 37799
0.0008434420451521873 37899
0.0008494651410728693 37999
0.0008292488928418607 38099
0.0008255965076386929 38199
0.0008879467786755413 38299
0.0008722875791136175 38399
0.0008654669509269297 38499
0.0010985226253978908 38599
0.0008267857774626464 38699
0.0008767558902036399 38799
0.0008323965885210782 38899
0.0008795446192380041 38999
0.0008834384207148105 39099
0.0008161782752722502 39199
0.000937110889935866 39299
0.0009580561018083245 39399
0.0008102294523268938 39499
0.000816486484836787 39599
0.0008236944850068539 39699
0.000935873162234202 39799
0.0008177060808520764 39899
0.0008779263880569488 39999
0.0008122215222101659 40099
0.0008068826573435217 40199
0.0008295160660054535 40299
0.0009210521820932627 40399
0.000808112759841606 40499
0.0007908234838396311 40599
0.0008324864320456982 40699
0.0008043617708608508 40799
0.000823351729195565 40899
0.0008830022998154163 40999
0.0008976584649644792 41099
0.0010101016086991876 41199
0.000790111516835168 41299
0.0012016858963761479 41399
0.0008790097490418702 41499
0.0007852886628825217 41599
0.000788900040788576 41699
0.0007808828959241509 41799
0.0007850436377339065 41899
0.0009709891164675355 41999
0.0009031790832523257 42099
0.0007671565108466893 42199
0.0007811500108800828 42299
0.000815528619568795 42399
0.0007743265305180103 42499
0.0007787275535520166 42599
0.0007815319986548275 42699
0.0007662227435503155 42799
0.0007772351091261953 42899
0.0007751284283585846 42999
0.000763936317525804 43099
0.0007785776979289949 43199
0.0007638197566848248 43299
0.0008304264629259706 43399
0.0008527605386916548 43499
0.0008131634967867285 43599
0.0007942756346892565 43699
0.0007973909087013453 43799
0.0007564231345895678 43899
0.0008469912863802165 43999
0.0008210310188587755 44099
0.000789665849879384 44199
0.000741538853617385 44299
0.000835082697449252 44399
0.0007553194009233266 44499
0.0007733424135949463 44599
0.0008712458657100797 44699
0.0007514498720411211 44799
0.0007449869008269161 44899
0.0007303887978196144 44999
0.0008658578153699636 45099
0.0007411589904222637 45199
0.0008561430731788278 45299
0.0007392199768219143 45399
0.0010106848494615406 45499
0.0010357421997468919 45599
0.0007470636337529868 45699
0.0007467529503628612 45799
0.0007365531928371638 45899
0.000923734187381342 45999
0.00072156434180215 46099
0.0009098273585550487 46199
0.0007325463811866939 46299
0.0008285012154374272 46399
0.0007537794299423695 46499
0.0007451432757079601 46599
0.0007279978599399328 46699
0.0007171133474912494 46799
0.0007268887711688876 46899
0.0007226976740639657 46999
0.000717523624189198 47099
0.000784828356700018 47199
0.0008924629364628345 47299
0.0007748459465801716 47399
0.0007226126035675406 47499
0.0010948930284939706 47599
0.0007358238217420876 47699
0.000701810495229438 47799
0.0008297840540762991 47899
0.0007200589752756059 47999
0.0007076027686707675 48099
0.0009124535135924816 48199
0.0009706901910249144 48299
0.000799032102804631 48399
0.0007266561733558774 48499
0.0008050160249695182 48599
0.0007148197910282761 48699
0.0007072419684845954 48799
0.0007193819619715214 48899
0.0007153047481551766 48999
0.0007624236750416458 49099
0.0007048304541967809 49199
0.0006928425573278219 49299
0.0007274921808857471 49399
0.0007961327210068703 49499
0.0008074350189417601 49599
0.0007210297626443207 49699
0.0007326404447667301 49799
0.000697759969625622 49899
0.0007068619015626609 49999
0.0007482260407414287 50099
0.0007393710257019848 50199
0.0007610655447933823 50299
0.0007054120651446283 50399
0.0006875958933960646 50499
0.0006971719558350742 50599
0.0007246062450576574 50699
0.0007216507801786065 50799
0.0008663045009598136 50899
0.0007415323052555323 50999
0.0007818726298864931 51099
0.0007209467585198581 51199
0.001125228009186685 51299
0.0006990999390836805 51399
0.0007793247932568192 51499
0.0007040083291940391 51599
0.000736325717298314 51699
0.0006897865969222039 51799
0.0007067302649375051 51899
0.0007657689566258341 51999
0.0006805950251873583 52099
0.0007552637543994933 52199
0.001072186918463558 52299
