0.030985910445451736 99
0.030926967039704323 199
0.03063762467354536 299
0.03028505388647318 399
0.029959109611809254 499
0.02981607522815466 599
0.0296160988509655 699
0.029458794742822647 799
0.029134418815374374 899
0.028780004009604454 999
0.02853174414485693 1099
0.028133961372077465 1199
0.027912425808608532 1299
0.02757651638239622 1399
0.027151129208505154 1499
0.026708070188760757 1599
0.026155265979468822 1699
0.02592654526233673 1799
0.025402534753084183 1899
0.02496273908764124 1999
0.02461413573473692 2099
0.02406310848891735 2199
0.02358154021203518 2299
0.02314284536987543 2399
0.022658750414848328 2499
0.022229308262467384 2599
0.021845635026693344 2699
0.021340654231607914 2799
0.020885848440229893 2899
0.02059202268719673 2999
0.020138757303357124 3099
0.019778025336563587 3199
0.019396030344069004 3299
0.01920453365892172 3399
0.018825347535312176 3499
0.01860337983816862 3599
0.01821345929056406 3699
0.01801210269331932 3799
0.01775431539863348 3899
0.017484630458056927 3999
0.017242937348783016 4099
0.01700455229729414 4199
0.01683877408504486 4299
0.01666942611336708 4399
0.01648720260709524 4499
0.016305902041494846 4599
0.016081305220723152 4699
0.015802393667399883 4799
0.01573470840230584 4899
0.015469334553927183 4999
0.015314970165491104 5099
0.015106483362615108 5199
0.014970416203141212 5299
0.0147910644300282 5399
0.014633206650614738 5499
0.014484309125691652 5599
0.014314908068627119 5699
0.014135644771158695 5799
0.013908376917243004 5899
0.013767878524959087 5999
0.013646492268890142 6099
0.013537668623030186 6199
0.013352355919778347 6299
0.013235407415777445 6399
0.013109797146171331 6499
0.01293809013441205 6599
0.012738124001771212 6699
0.012615318410098553 6799
0.012472599744796753 6899
0.012348654214292765 6999
0.01219367329031229 7099
0.01207734551280737 7199
0.011963611003011465 7299
0.011797581799328327 7399
0.011677741073071957 7499
0.011561192106455564 7599
0.011388442479074001 7699
0.011248624417930841 7799
0.011136393062770367 7899
0.011068947613239288 7999
0.010941277258098125 8099
0.010734353680163622 8199
0.01064650109037757 8299
0.010515213012695312 8399
0.010334886144846678 8499
0.01026854058727622 8599
0.010172884445637465 8699
0.010063412133604288 8799
0.009922249242663383 8899
0.009850659407675266 8999
0.009683770593255758 9099
0.009569231420755386 9199
0.009500934276729822 9299
0.009357326198369265 9399
0.009220017120242119 9499
0.009116786997765303 9599
0.009046248160302639 9699
0.008874227292835712 9799
0.008790855761617422 9899
0.008728426415473223 9999
0.008579393848776817 10099
0.008475080132484436 10199
0.008333302102982998 10299
0.008241813164204359 10399
0.008130597183480859 10499
0.00807959958910942 10599
0.007965991739183664 10699
0.007835319498553872 10799
0.007731989957392216 10899
0.007674257969483733 10999
0.007521455874666572 11099
0.007456288672983646 11199
0.007346729282289743 11299
0.0072747517842799425 11399
0.007124930853024125 11499
0.007076754933223128 11599
0.006966446526348591 11699
0.006901657674461603 11799
0.006752240005880594 11899
0.006706721847876906 11999
0.00663609872572124 12099
0.006492049433290958 12199
0.006412999238818884 12299
0.006334210513159633 12399
0.006256083957850933 12499
0.006152327172458172 12599
0.006084789056330919 12699
0.0059859708417207 12799
0.005939818453043699 12899
0.005819797981530428 12999
0.0057821685913950205 13099
0.005668213590979576 13199
0.005582650890573859 13299
0.005536205368116498 13399
0.0054365056566894054 13499
0.005361773306503892 13599
0.0052724715787917376 13699
0.005210274830460548 13799
0.005132715683430433 13899
0.00506719620898366 13999
0.005030467640608549 14099
0.004940975923091173 14199
0.004863928072154522 14299
0.0047854408621788025 14399
0.004763113334774971 14499
0.00468529830686748 14599
0.004596214508637786 14699
0.004537659231573343 14799
0.004483727039769292 14899
0.004427822306752205 14999
0.004360518651083112 15099
0.004297241102904081 15199
0.00425555114634335 15299
0.004223032505251467 15399
0.004149554064497352 15499
0.004117460222914815 15599
0.004046737216413021 15699
0.003965230309404433 15799
0.003965508192777634 15899
0.0038576856022700667 15999
0.0038340850733220577 16099
0.0037773718358948827 16199
0.00372956704813987 16299
0.00365402246825397 16399
0.0036408710293471813 16499
0.003622661577537656 16599
0.00356996210757643 16699
0.0035073402104899287 16799
0.003479456529021263 16899
0.0034254922065883875 16999
0.0033826446160674095 17099
0.0033390320604667068 17199
0.0033048837212845683 17299
0.0032675028778612614 17399
0.003222973318770528 17499
0.0032026328844949603 17599
0.00315796653740108 17699
0.003133727121166885 17799
0.0030985132325440645 17899
0.0030728300334885716 17999
0.0030173311242833734 18099
0.0029702589381486177 18199
0.0029264859622344375 18299
0.0029288579244166613 18399
0.0028740124544128776 18499
0.002854589023627341 18599
0.002833117265254259 18699
0.0028078544419258833 18799
0.002788483281619847 18899
0.0027251836145296693 18999
0.002697208779864013 19099
0.002693609334528446 19199
0.002634623320773244 19299
0.002618629368953407 19399
0.0026065846905112267 19499
0.002560119261033833 19599
0.00252675439696759 19699
0.002525049727410078 19799
0.0024869858752936125 19899
0.0024660505587235093 19999
0.002459601266309619 20099
0.002426923136226833 20199
0.0024034972302615643 20299
0.0024046754697337747 20399
0.002356448909267783 20499
0.002340443665161729 20599
0.0022956980392336845 20699
0.0022852332331240177 20799
0.0022794955875724554 20899
0.0022539522033184767 20999
0.002218182198703289 21099
0.00222248793579638 21199
0.002230894984677434 21299
0.0021847934694960713 21399
0.0021459803683683276 21499
0.0021546988282352686 21599
0.002213140483945608 21699
0.0021112847607582808 21799
0.002092926180921495 21899
0.0020894769113510847 21999
0.0020767245441675186 22099
0.0020197442499920726 22199
0.0020320817129686475 22299
0.002031183277722448 22399
0.00197543459944427 22499
0.001978073443751782 22599
0.0019738523988053203 22699
0.002013345016166568 22799
0.0019383152830414474 22899
0.0019448335515335202 22999
0.0019201369723305106 23099
0.00186141487210989 23199
0.0018880697898566723 23299
0.0018698924104683101 23399
0.0018520953017286956 23499
0.0018460197024978697 23599
0.001830295193940401 23699
0.001826368272304535 23799
0.0018259344506077468 23899
0.0017855340847745538 23999
0.0018291610176675022 24099
0.0017634230316616595 24199
0.0017469915328547359 24299
0.0017640364239923656 24399
0.0017202800372615457 24499
0.001715645135845989 24599
0.0016951464349403977 24699
0.001713356003165245 24799
0.0016858413582667708 24899
0.001682732254266739 24999
0.0016614655032753944 25099
0.0016448699752800167 25199
0.0016500212368555367 25299
0.001648249919526279 25399
0.0016422821208834648 25499
0.0016117104678414762 25599
0.0016174811753444374 25699
0.0016132448799908161 25799
0.0016025591176003218 25899
0.0015894467942416668 25999
0.0015839660773053765 26099
0.0015757601358927786 26199
0.0015793637139722705 26299
0.0015686638071201742 26399
0.0015404681907966733 26499
0.0015692718443460763 26599
0.001524849038105458 26699
0.0015273349126800895 26799
0.001525558764114976 26899
0.0015007257461547852 26999
0.001482227467931807 27099
0.0014746288070455194 27199
0.001499410078395158 27299
0.0015130272367969155 27399
0.001503917679656297 27499
0.0015760111273266375 27599
0.0014397072372958064 27699
0.0014941776753403246 27799
0.0014541990822181106 27899
0.001443004293832928 27999
0.001529259781818837 28099
0.0014720073086209595 28199
0.0014307432575151324 28299
0.001473712851293385 28399
0.0015643408405594528 28499
0.0014278925955295563 28599
0.0013905472005717456 28699
0.0013876910670660436 28799
0.001416955259628594 28899
0.0014032915350981057 28999
0.0013419908937066793 29099
0.0013647277373820543 29199
0.0013874133001081645 29299
0.0014048067387193441 29399
0.0013553850003518164 29499
0.0013215634389780462 29599
0.0014850749867036939 29699
0.0013204891583882272 29799
0.0013061033678241074 29899
0.0013392827822826803 29999
0.0013275902601890266 30099
0.0013175404164940119 30199
0.0013894551084376872 30299
0.0013040235498920083 30399
0.0012912640231661499 30499
0.0012830240302719176 30599
0.0012765995343215764 30699
0.0012838818365707994 30799
0.0012605383526533842 30899
0.0013348263455554843 30999
0.0013532411539927125 31099
0.001305478683207184 31199
0.0012774300703313202 31299
0.0012489330838434398 31399
0.001222666905960068 31499
0.0012689672876149416 31599
0.0012286176206544042 31699
0.0012595475418493152 31799
0.0012305317795835435 31899
0.001355435000732541 31999
0.0012928679934702814 32099
0.001220219535753131 32199
0.001223684987053275 32299
0.0011996679822914302 32399
0.001214600633829832 32499
0.0012886918848380446 32599
0.0017307574162259698 32699
0.0011852480820380151 32799
0.0012364893918856978 32899
0.0012449565110728145 32999
0.0011861943639814854 33099
0.0012742325779981911 33199
0.0013008686946704984 33299
0.0011725316289812326 33399
0.0014610030339099467 33499
0.001234054914675653 33599
0.0011673268163576722 33699
0.0011717724264599383 33799
0.0011510606273077428 33899
0.0013214523787610233 33999
0.0012570673716254532 34099
0.0012428417103365064 34199
0.001180376100819558 34299
0.0014428434078581631 34399
0.0011824694811366498 34499
0.0012268233695067465 34599
0.001312145555857569 34699
0.0011212672106921673 34799
0.0012643669615499675 34899
0.001207456341944635 34999
0.0014612666564062238 35099
0.0012246958795003593 35199
0.0011122794821858406 35299
0.0011157424887642264 35399
0.0011641932651400566 35499
0.0011044802377000451 35599
0.0013121609226800501 35699
0.001285914913751185 35799
0.0011138267582282424 35899
0.001217870565596968 35999
0.0013496509636752307 36099
0.0011070944892708212 36199
0.00120399403385818 36299
0.0013052866561338305 36399
0.0011099474504590034 36499
0.0010721908765845 36599
0.0010634959617163986 36699
0.0011098455579485744 36799
0.001071684411726892 36899
0.0013583609252236784 36999
0.001215035852510482 37099
0.0010826039651874453 37199
0.0011488898599054664 37299
0.0014618121786043048 37399
0.0010765230981633067 37499
0.0013249785988591611 37599
0.0013119991635903716 37699
0.0012370335753075778 37799
0.0010767942294478416 37899
0.0010425740329083055 37999
0.001367346616461873 38099
0.0010523992241360247 38199
0.0010724016465246677 38299
0.001043587108142674 38399
0.001118397165555507 38499
0.0012252096785232425 38599
0.0010472029680386186 38699
0.0011429427249822766 38799
0.0010485363891348243 38899
0.001049406360834837 38999
0.0010292380466125906 39099
0.0010114231845363975 39199
0.0011055812647100538 39299
0.0012487678905017674 39399
0.0016059509944170713 39499
0.001018569280859083 39599
0.0012158791651017964 39699
0.0011138934059999883 39799
0.0010219916875939816 39899
0.0010021662747021765 39999
0.0010540935909375548 40099
0.0010473591391928494 40199
0.001036853704135865 40299
0.001050866354489699 40399
0.0011981792049482465 40499
0.001057285233400762 40599
0.0009992129635065794 40699
0.0011424546828493476 40799
0.0010961521766148508 40899
0.0009867710759863257 40999
0.0011289237882010639 41099
0.0009923709149006754 41199
0.0010019804467447102 41299
0.001003008015686646 41399
0.001010847045108676 41499
0.0010008565441239625 41599
0.000991451321169734 41699
0.0010064801608677953 41799
0.0009733742917887866 41899
0.0010147219290956855 41999
0.0011852539028041065 42099
0.0010489788837730885 42199
0.0009750860917847604 42299
0.0009687448327895254 42399
0.0009461205336265266 42499
0.0010270921338815242 42599
0.0013681546552106738 42699
0.0011286712251603603 42799
0.0011542467982508242 42899
0.0012723398976959288 42999
0.0009882774902507663 43099
0.000991838809568435 43199
0.0010710314672905952 43299
0.0009790892945602536 43399
0.0009744954004418105 43499
0.0010639801039360464 43599
0.0009848462941590697 43699
0.0010529472783673555 43799
0.0009598599863238633 43899
0.001114513084758073 43999
0.0009683277166914195 44099
0.0010381666652392596 44199
0.0009542776388116181 44299
0.0009880003344733268 44399
0.0010211620246991515 44499
0.0011942458804696798 44599
0.001032595755532384 44699
0.0009459112770855427 44799
0.0009342460543848574 44899
0.001025962905259803 44999
0.0009500511223450303 45099
0.0009741736575961113 45199
0.0009342147095594555 45299
0.001076251792255789 45399
0.0010400509054306895 45499
0.0010204415302723646 45599
0.000936994212679565 45699
0.0009452281228732318 45799
0.000934785493882373 45899
0.0009140822221525013 45999
0.0010365015477873385 46099
0.0009543335472699255 46199
0.0010317756095901132 46299
0.000980260840151459 46399
0.0009229540592059493 46499
0.00119055958930403 46599
0.0011334263253957033 46699
0.0009482131572440267 46799
0.0010193170164711773 46899
0.0008945113222580403 46999
0.0009239362261723727 47099
0.0009223119704984128 47199
0.0010025438969023526 47299
0.0009259937796741724 47399
0.0009981572802644223 47499
0.000898246158612892 47599
0.0008952694188337773 47699
0.001119144435506314 47799
0.0009021214791573584 47899
0.0015594973810948431 47999
0.00090019591152668 48099
0.0009656783367972821 48199
0.000902924279216677 48299
0.0009033771348185837 48399
0.0009146694501396269 48499
0.0011642162571661174 48599
0.0009307424770668149 48699
0.0008930287440307438 48799
0.0008902481058612466 48899
0.0009698329959064722 48999
0.0009455978579353541 49099
0.0009021124860737473 49199
0.0015309455338865519 49299
0.0009378526010550559 49399
0.0008852830214891583 49499
0.0013071409775875509 49599
0.001126102462876588 49699
0.0009061467717401683 49799
0.0008932098280638456 49899
0.0008784098026808351 49999
0.0013482237118296325 50099
0.0009808128233999014 50199
0.0009089989180210978 50299
0.0008862525573931634 50399
0.0009092780237551779 50499
0.0011111830244772136 50599
0.0008594896353315562 50699
0.0011155116371810436 50799
0.001282995566725731 50899
0.0008862929826136678 50999
0.0012752554612234235 51099
0.0009135516302194446 51199
0.0010156967910006642 51299
0.0009086400968953967 51399
0.0008709804678801447 51499
0.001029177918098867 51599
0.00110051897354424 51699
0.0008755127200856805 51799
0.0008951413328759372 51899
0.0008860465604811907 51999
0.0009985605720430613 52099
0.0008614513208158314 52199
0.0008941626001615077 52299

Trainingtime: 12165.052490711212s for 52349 epochs 240537.95735533576
