0.03161052893847227 99
0.031667725183069706 199
0.031619541347026825 299
0.031165546737611294 399
0.031104322522878647 499
0.030871720053255558 599
0.030767998658120632 699
0.03050556778907776 799
0.03020114917308092 899
0.02998211607336998 999
0.029597382061183453 1099
0.02933912631124258 1199
0.02914202120155096 1299
0.02877084817737341 1399
0.028623484075069427 1499
0.028009911999106407 1599
0.0276724211871624 1699
0.027458587661385536 1799
0.026985013857483864 1899
0.026630375534296036 1999
0.0262934397906065 2099
0.025746614672243595 2199
0.02542903833091259 2299
0.02503968123346567 2399
0.024522336199879646 2499
0.024126128293573856 2599
0.023669148795306683 2699
0.0233108876273036 2799
0.022664112970232964 2899
0.02229116763919592 2999
0.021822744980454445 3099
0.021304660476744175 3199
0.021032781340181828 3299
0.02070586569607258 3399
0.020282307639718056 3499
0.020008128136396408 3599
0.019623142667114735 3699
0.01932042371481657 3799
0.019005076959729195 3899
0.01876410748809576 3999
0.018502144142985344 4099
0.018177470192313194 4199
0.0179580170661211 4299
0.017792563885450363 4399
0.017521067522466183 4499
0.017176556400954723 4599
0.01703549176454544 4699
0.016838432289659977 4799
0.0165642024949193 4899
0.01635330729186535 4999
0.016161414794623852 5099
0.01601592358201742 5199
0.01578704360872507 5299
0.015552559867501259 5399
0.015315165277570486 5499
0.015188087243586779 5599
0.014970979653298855 5699
0.014798831194639206 5799
0.014517528936266899 5899
0.014418363571166992 5999
0.014190728310495615 6099
0.013971636071801186 6199
0.013800993096083403 6299
0.013658246025443077 6399
0.013471246231347322 6499
0.013261844869703054 6599
0.01308668777346611 6699
0.012994157150387764 6799
0.012778583448380232 6899
0.012600573245435953 6999
0.012417095247656107 7099
0.012281735893338919 7199
0.012139641214162111 7299
0.011971622705459595 7399
0.011775273364037275 7499
0.011605286970734596 7599
0.011468864977359772 7699
0.01128860143944621 7799
0.011156009044498205 7899
0.010976285673677921 7999
0.010838721878826618 8099
0.010611571837216616 8199
0.010571670718491077 8299
0.010395520366728306 8399
0.010281350463628769 8499
0.010125706437975168 8599
0.009944984689354897 8699
0.009822278283536434 8799
0.009623473975807428 8899
0.009497872553765774 8999
0.009335550013929605 9099
0.009214907884597778 9199
0.009089942090213299 9299
0.008935278747230768 9399
0.008802880998700857 9499
0.008705523330718279 9599
0.008552895858883858 9699
0.008443363942205906 9799
0.008335902355611324 9899
0.008200077805668116 9999
0.00806410750374198 10099
0.007949324324727058 10199
0.007805858040228486 10299
0.007697463734075427 10399
0.00757130840793252 10499
0.007417802466079593 10599
0.007357473950833082 10699
0.007209406932815909 10799
0.007085821824148297 10899
0.006952875293791294 10999
0.006887628696858883 11099
0.006755708483979106 11199
0.00663281325250864 11299
0.006564453477039933 11399
0.006416631862521172 11499
0.006342076230794191 11599
0.006247285520657897 11699
0.006151676177978516 11799
0.006068154238164425 11899
0.005951572209596634 11999
0.005870494991540909 12099
0.0057920480612665415 12199
0.0056813545525074005 12299
0.005578650161623955 12399
0.005505330162122846 12499
0.00542892818339169 12599
0.005332906031981111 12699
0.005244744475930929 12799
0.005179171217605472 12899
0.005074395332485437 12999
0.004989501554518938 13099
0.004900779575109482 13199
0.004813122563064098 13299
0.004730718908831477 13399
0.004672398790717125 13499
0.004610623233020306 13599
0.004522610222920775 13699
0.0044586495496332645 13799
0.0043852184899151325 13899
0.004299916094169021 13999
0.004239110508933663 14099
0.004182707751169801 14199
0.004119211109355092 14299
0.004055779427289963 14399
0.003999146167188883 14499
0.003930409671738744 14599
0.0038560592802241445 14699
0.0037900040624663234 14799
0.003737758146598935 14899
0.003696889616549015 14999
0.003629405051469803 15099
0.0035704285837709904 15199
0.003524922183714807 15299
0.0034422536846250296 15399
0.0034071329282596707 15499
0.003380224690772593 15599
0.003301459481008351 15699
0.003251949674449861 15799
0.003228637622669339 15899
0.003153168596327305 15999
0.0031291022896766663 16099
0.0030637189047411084 16199
0.0030183022608980536 16299
0.0029759457102045417 16399
0.0029381600907072425 16499
0.0028922202764078975 16599
0.002853242913261056 16699
0.002822479815222323 16799
0.0027917453553527594 16899
0.0027383178239688277 16999
0.002718691364862025 17099
0.0026654439279809594 17199
0.0026376686291769147 17299
0.0025901288026943803 17399
0.0025587506825104356 17499
0.0025168436113744974 17599
0.002481896081008017 17699
0.002463909797370434 17799
0.002425333485007286 17899
0.0023987863678485155 17999
0.002374648582190275 18099
0.002324483939446509 18199
0.0022976999171078205 18299
0.0022795316763222218 18399
0.0022629774175584316 18499
0.002242583141196519 18599
0.002200447372160852 18699
0.002158147399313748 18799
0.0021400792757049203 18899
0.002122302073985338 18999
0.0020877773640677333 19099
0.0020792833529412746 19199
0.00204817415215075 19299
0.0020299844909459352 19399
0.001993730547837913 19499
0.0019553591264411807 19599
0.0019639978418126702 19699
0.0019229254103265703 19799
0.00191107124555856 19899
0.0018958885339088738 19999
0.0018840947304852307 20099
0.0018368899472989142 20199
0.0018505927873775363 20299
0.0018071847734972835 20399
0.0017859181971289217 20499
0.001782559382263571 20599
0.0017683737096376717 20699
0.001755197357852012 20799
0.0017412079614587128 20899
0.0017148612532764673 20999
0.0016956593026407063 21099
0.0016748705529607832 21199
0.001663542934693396 21299
0.0016401521861553192 21399
0.001622839947231114 21499
0.001622972369659692 21599
0.0016010476392693818 21699
0.0016022178460843861 21799
0.001568301289808005 21899
0.0015571657568216324 21999
0.0015688809216953814 22099
0.001531170040834695 22199
0.0015130250831134617 22299
0.0014952319907024503 22399
0.0014901430113241076 22499
0.0014885454438626766 22599
0.0014799184864386916 22699
0.0014594403910450637 22799
0.0014327392564155161 22899
0.0014275413122959435 22999
0.001416924991644919 23099
0.0014121629064902663 23199
0.0014078912790864706 23299
0.0013919963967055082 23399
0.0013815369457006454 23499
0.001375619787722826 23599
0.0013604130363091826 23699
0.0013358803116716444 23799
0.001333520165644586 23899
0.0013303022715263069 23999
0.001321449817623943 24099
0.0013238555402494967 24199
0.0013271015486679971 24299
0.0012882119044661522 24399
0.0012812759377993643 24499
0.0012737230863422155 24599
0.001275883987545967 24699
0.001266080536879599 24799
0.0012558430316857994 24899
0.0012368075549602509 24999
0.0012260950752533972 25099
0.001226630643941462 25199
0.0012162899947725236 25299
0.0012062117457389832 25399
0.0012067051138728857 25499
0.0011987832258455455 25599
0.001188914233352989 25699
0.001182149222586304 25799
0.0011632679379545152 25899
0.0011623447062447667 25999
0.0011588683119043708 26099
0.0011506548034958541 26199
0.0011424924014136195 26299
0.0011396721820347011 26399
0.0011312764836475253 26499
0.001121103239711374 26599
0.0011123800359200686 26699
0.0011196501436643302 26799
0.0011135109816677868 26899
0.0010998955694958568 26999
0.001101733127143234 27099
0.0010878071771003306 27199
0.0010818984592333436 27299
0.001085889176465571 27399
0.0010790861560963094 27499
0.001056738430634141 27599
0.0010650549666024745 27699
0.001053329964634031 27799
0.0010506364051252604 27899
0.001057320914696902 27999
0.0010450488771311939 28099
0.001044088217895478 28199
0.0010358538711443543 28299
0.0010308703931514174 28399
0.0010275303502567112 28499
0.0010129261063411832 28599
0.0010230463230982423 28699
0.0010045270901173353 28799
0.0010061347857117653 28899
0.0009894758986774832 28999
0.0009906359773594886 29099
0.0009901518642436713 29199
0.0009796885133255273 29299
0.0009839386329986155 29399
0.000985283637419343 29499
0.000976891169557348 29599
0.000977449701167643 29699
0.0009599918557796627 29799
0.0009510997624602169 29899
0.0009564770734868944 29999
0.0009562351915519685 30099
0.0009524376655463129 30199
0.000941855920245871 30299
0.000945188628975302 30399
0.0009444504394195974 30499
0.0009350331674795598 30599
0.0009347850573249161 30699
0.00093171774642542 30799
0.0009318886732216924 30899
0.0009237518825102597 30999
0.0009207683615386486 31099
0.0009107961668632925 31199
0.0009064659534487873 31299
0.000901466904906556 31399
0.0008946563466452062 31499
0.0009009152126964182 31599
0.0008994213421829045 31699
0.0009031195950228721 31799
0.0008961248968262225 31899
0.0008963522268459201 31999
0.0008820322691462934 32099
0.0008697158482391387 32199
0.0008747506653890014 32299
0.0008772641303949058 32399
0.0008709083485882729 32499
0.000865486596012488 32599
0.0008702116901986301 32699
0.0008650170057080686 32799
0.0008713389397598803 32899
0.0008619477739557624 32999
0.0008707242668606341 33099
0.000857925449963659 33199
0.000850612239446491 33299
0.000862277316628024 33399
0.0008353462035302073 33499
0.0008599099528510123 33599
0.000843123736558482 33699
0.0008463606936857104 33799
0.0008381688094232231 33899
0.0008355322643183172 33999
0.0008281775226350874 34099
0.0008223099284805357 34199
0.0008265221549663693 34299
0.0008259388559963554 34399
0.0008201953605748713 34499
0.0008288753451779485 34599
0.0008184169128071517 34699
0.0008219644369091839 34799
0.0008105578308459371 34899
0.0008060155960265547 34999
0.0008107973844744265 35099
0.0008211104141082615 35199
0.0008133028459269553 35299
0.0008048040908761322 35399
0.000809561723144725 35499
0.0008012396865524352 35599
0.0008039875538088381 35699
0.0007881032070145011 35799
0.0007893264119047672 35899
0.0007913901936262846 35999
0.0007925400859676301 36099
0.0007834972930140793 36199
0.0007873554131947458 36299
0.0007871939160395414 36399
0.0007786210917402059 36499
0.0007814973942004144 36599
0.0007834474963601679 36699
0.0007856453885324299 36799
0.0007662724528927356 36899
0.0007680454291403294 36999
0.0007810001552570611 37099
0.0007866501109674573 37199
0.0007597800577059388 37299
0.0007645432488061488 37399
0.0007625777798239142 37499
0.0007669100887142122 37599
0.0007533808529842645 37699
0.000764386059017852 37799
0.0007529065187554806 37899
0.0007647493912372738 37999
0.0007605017453897744 38099
0.0007696021348237991 38199
0.0007589249289594591 38299
0.0007567159773316234 38399
0.0007392704137600958 38499
0.0007477636099793017 38599
0.0007475028105545789 38699
0.0007414174324367195 38799
0.000740408810088411 38899
0.0007368687365669757 38999
0.0007318683492485434 39099
0.0007301985460799187 39199
0.0007312640082091093 39299
0.0007329682994168252 39399
0.0007303118181880563 39499
0.0007317547861021012 39599
0.0007299348362721503 39699
0.0007302021840587258 39799
0.0007279241690412164 39899
0.0007203241111710668 39999
0.0007216435624286532 40099
0.0007166933501139283 40199
0.0007156526553444564 40299
0.0007281545549631119 40399
0.0007229868497233838 40499
0.0007161973626352847 40599
0.0007191193581093103 40699
0.0007383459014818072 40799
0.0007127752178348601 40899
0.0007203831919468939 40999
0.0007108403951860964 41099
0.0007078956405166537 41199
0.0007043537334538996 41299
0.000711539585608989 41399
0.0006990104739088565 41499
0.0007088495185598731 41599
0.0007064320670906454 41699
0.0007014802249614149 41799
0.0007134663756005466 41899
0.000708062929334119 41999
0.0006970511167310178 42099
0.0007048840634524822 42199
0.0006910049705766141 42299
0.0007013895665295422 42399
0.0006926722126081586 42499
0.0006894685211591423 42599
0.0006927535578142852 42699
0.0007165413699112833 42799
0.0006865191680844873 42899
0.0006901044980622828 42999
0.0006776073132641613 43099
0.0006938542937859893 43199
0.0006747554871253669 43299
0.0006778120587114245 43399
0.0006801931303925812 43499
0.0006934185803402215 43599
0.0006820374692324549 43699
0.0006723584374412894 43799
0.0006941304891370237 43899
0.0006769551255274564 43999
0.0006731485482305288 44099
0.0006690365553367883 44199
0.0006838736881036311 44299
0.0006667002162430435 44399
0.0006669146241620183 44499
0.0006764823920093477 44599
0.00065916872699745 44699
0.0006687117565888911 44799
0.0006753892812412232 44899
0.0006643013330176473 44999
0.0006702430255245417 45099
0.0006530663085868582 45199
0.0006633728044107556 45299
0.0006737416842952371 45399
0.000663506449200213 45499
0.0006718624208588153 45599
0.000655656069284305 45699
0.0006567211530636996 45799
0.0006585468945559114 45899
0.0006577336462214589 45999
0.0006541657203342766 46099
0.000665689236484468 46199
0.0006596847379114479 46299
0.0006505758210550994 46399
0.0006530006940010935 46499
0.0006618631014134735 46599
0.000655603245832026 46699
0.0006443305755965412 46799
0.0006503024778794497 46899
0.0006500407180283219 46999
0.000645997584797442 47099
0.0006403024599421769 47199
0.0006641399522777647 47299
0.0006437435222323984 47399
0.0006469679938163608 47499
0.0006401152350008488 47599
0.0006417852127924562 47699
0.0006469378131441772 47799
0.000641500111669302 47899
0.0006441278965212405 47999
0.0006477003917098045 48099
0.0006277640059124678 48199
0.0006280575034907088 48299
0.0006289289158303291 48399
0.0006284638657234609 48499
0.0006302875408437103 48599
0.0006331224576570094 48699
0.0006647181580774486 48799
0.0006340823019854724 48899
0.0006428988999687135 48999
0.0006417256081476808 49099
0.0006385881279129535 49199
0.0006226452824193984 49299
0.0006239299545995891 49399
0.0006209174171090126 49499
0.0006234283209778368 49599
0.0006317002407740802 49699
0.0006319626118056476 49799
0.0006262890237849206 49899
0.0006250010337680578 49999
0.000633116505923681 50099
0.0006340801483020186 50199
0.0006147704843897372 50299
0.0006421242142096162 50399
0.0006229766004253179 50499
0.0006348823371808976 50599
0.0006201830110512674 50699
0.0006145454535726458 50799
0.0006201239593792707 50899
0.0006137262971606106 50999
0.0006079311133362353 51099
0.0006100217869970948 51199
0.0006253736210055649 51299
0.0006167580431792885 51399
0.0006063399487175047 51499
0.0006157584139145911 51599
0.0006069788942113519 51699
0.0006093592091929168 51799
0.0006403157021850348 51899
0.0006035016849637032 51999
0.0006090607785154134 52099
0.0006080632156226784 52199
0.0006062783941160887 52299
